  main.cpp
C:\Users\suyas\source\SpaceInvaders\SpaceInvaders\main.cpp(17,26): warning C4244: 'argument': conversion from 'int' to 'float', possible loss of data
C:\Users\suyas\source\SpaceInvaders\SpaceInvaders\main.cpp(17,23): warning C4244: 'argument': conversion from 'float' to 'int', possible loss of data
C:\Users\suyas\source\SpaceInvaders\SpaceInvaders\main.cpp(17,20): warning C4244: 'argument': conversion from 'float' to 'int', possible loss of data
C:\Users\suyas\source\SpaceInvaders\SpaceInvaders\main.cpp(40,25): warning C4244: '=': conversion from 'int' to 'float', possible loss of data
C:\Users\suyas\source\SpaceInvaders\SpaceInvaders\main.cpp(41,30): warning C4244: '=': conversion from 'int' to 'float', possible loss of data
C:\Users\suyas\source\SpaceInvaders\SpaceInvaders\main.cpp(67,64): warning C4305: 'argument': truncation from 'double' to 'float'
C:\Users\suyas\source\SpaceInvaders\SpaceInvaders\main.cpp(85,54): warning C4244: '=': conversion from 'int' to 'float', possible loss of data
C:\Users\suyas\source\SpaceInvaders\SpaceInvaders\main.cpp(85,67): warning C4244: '=': conversion from 'int' to 'float', possible loss of data
C:\Users\suyas\source\SpaceInvaders\SpaceInvaders\main.cpp(127,25): warning C4244: 'argument': conversion from 'int' to 'float', possible loss of data
C:\Users\suyas\source\SpaceInvaders\SpaceInvaders\main.cpp(151,81): warning C4244: 'argument': conversion from 'float' to 'int', possible loss of data
C:\Users\suyas\source\SpaceInvaders\SpaceInvaders\main.cpp(151,60): warning C4244: 'argument': conversion from 'float' to 'int', possible loss of data
C:\Users\suyas\source\SpaceInvaders\SpaceInvaders\main.cpp(157,53): warning C4244: 'argument': conversion from 'float' to 'int', possible loss of data
C:\Program Files\Microsoft Visual Studio\2022\Community\VC\Tools\MSVC\14.44.35207\include\utility(274,16): warning C4244: 'initializing': conversion from 'float' to '_Ty1', possible loss of data
C:\Program Files\Microsoft Visual Studio\2022\Community\VC\Tools\MSVC\14.44.35207\include\utility(274,16): warning C4244:         with
C:\Program Files\Microsoft Visual Studio\2022\Community\VC\Tools\MSVC\14.44.35207\include\utility(274,16): warning C4244:         [
C:\Program Files\Microsoft Visual Studio\2022\Community\VC\Tools\MSVC\14.44.35207\include\utility(274,16): warning C4244:             _Ty1=int
C:\Program Files\Microsoft Visual Studio\2022\Community\VC\Tools\MSVC\14.44.35207\include\utility(274,16): warning C4244:         ]
  (compiling source file 'main.cpp')
      C:\Program Files\Microsoft Visual Studio\2022\Community\VC\Tools\MSVC\14.44.35207\include\utility(274,16):
      the template instantiation context (the oldest one first) is
          C:\Users\suyas\source\SpaceInvaders\SpaceInvaders\main.cpp(49,41):
          see reference to function template instantiation 'std::pair<int,int>::pair<float&,float&,0>(_Other1,_Other2) noexcept' being compiled
          with
          [
              _Other1=float &,
              _Other2=float &
          ]
              C:\Users\suyas\source\SpaceInvaders\SpaceInvaders\main.cpp(49,41):
              see the first reference to 'std::pair<int,int>::pair' in 'Ball::GetCoordinates'
  
C:\Program Files\Microsoft Visual Studio\2022\Community\VC\Tools\MSVC\14.44.35207\include\utility(274,54): warning C4244: 'initializing': conversion from 'float' to '_Ty2', possible loss of data
C:\Program Files\Microsoft Visual Studio\2022\Community\VC\Tools\MSVC\14.44.35207\include\utility(274,54): warning C4244:         with
C:\Program Files\Microsoft Visual Studio\2022\Community\VC\Tools\MSVC\14.44.35207\include\utility(274,54): warning C4244:         [
C:\Program Files\Microsoft Visual Studio\2022\Community\VC\Tools\MSVC\14.44.35207\include\utility(274,54): warning C4244:             _Ty2=int
C:\Program Files\Microsoft Visual Studio\2022\Community\VC\Tools\MSVC\14.44.35207\include\utility(274,54): warning C4244:         ]
  (compiling source file 'main.cpp')
  
  SpaceInvaders.vcxproj -> C:\Users\suyas\source\SpaceInvaders\ARM64\Debug\SpaceInvaders.exe
  'pwsh.exe' is not recognized as an internal or external command,
  operable program or batch file.
